<?xml version="1.0" encoding="UTF-8"?>
<!-- Generated by org.testng.reporters.JUnitXMLReporter -->
<testsuite ignored="0" hostname="LAPTOP-LEC46EMO" failures="2" tests="8" name="Test" time="33.32" errors="0" timestamp="2025-03-27T06:06:20 IST">
  <testcase classname="com.test.HomePageTest" name="verifyLoginPageText" time="0.168"/>
  <testcase classname="com.test.RegisterPageTest" name="verifyRegisterPageNavigation" time="0.903"/>
  <testcase classname="com.test.RegisterPageTest" name="verifyRegisterPageNavigation1" time="2.843">
    <failure type="java.lang.NullPointerException" message="Cannot invoke &amp;quot;String.equals(Object)&amp;quot; because &amp;quot;gender&amp;quot; is null">
      <![CDATA[java.lang.NullPointerException: Cannot invoke "String.equals(Object)" because "gender" is null
at com.page.RegisterPage.enterRegistrationDetails(RegisterPage.java:42)
at com.test.RegisterPageTest.verifyRegisterPageNavigation1(RegisterPageTest.java:41)
at java.base/java.util.concurrent.ThreadPoolExecutor.runWorker(ThreadPoolExecutor.java:1144)
at java.base/java.util.concurrent.ThreadPoolExecutor$Worker.run(ThreadPoolExecutor.java:642)
at java.base/java.lang.Thread.run(Thread.java:1575)
... Removed 7 stack frames]]>
    </failure>
  </testcase> <!-- verifyRegisterPageNavigation1 -->
  <testcase classname="com.test.RegisterPageTest" name="verifyRegisterPageNavigation1" time="2.866">
    <failure type="java.lang.NullPointerException" message="Cannot invoke &amp;quot;String.equals(Object)&amp;quot; because &amp;quot;gender&amp;quot; is null">
      <![CDATA[java.lang.NullPointerException: Cannot invoke "String.equals(Object)" because "gender" is null
at com.page.RegisterPage.enterRegistrationDetails(RegisterPage.java:42)
at com.test.RegisterPageTest.verifyRegisterPageNavigation1(RegisterPageTest.java:41)
at java.base/java.util.concurrent.ThreadPoolExecutor.runWorker(ThreadPoolExecutor.java:1144)
at java.base/java.util.concurrent.ThreadPoolExecutor$Worker.run(ThreadPoolExecutor.java:642)
at java.base/java.lang.Thread.run(Thread.java:1575)
... Removed 7 stack frames]]>
    </failure>
  </testcase> <!-- verifyRegisterPageNavigation1 -->
  <testcase classname="com.test.RegisterPageTest" name="verifyRegisterPageNavigation1" time="4.978"/>
  <testcase classname="com.test.RegisterPageTest" name="verifyRegisterPageNavigation1" time="5.449"/>
  <testcase classname="com.test.RegisterPageTest" name="verifyRegisterPageNavigation1" time="7.46"/>
  <testcase classname="com.test.RegisterPageTest" name="verifyRegisterPageNavigation1" time="3.558"/>
</testsuite> <!-- Test -->
