<?xml version="1.0" encoding="UTF-8"?>
<testng-results ignored="0" total="5" passed="3" failed="2" skipped="0">
  <reporter-output>
  </reporter-output>
  <suite started-at="2025-03-27T13:11:40 IST" name="Default suite" finished-at="2025-03-27T13:12:07 IST" duration-ms="26456">
    <groups>
    </groups>
    <test started-at="2025-03-27T13:11:40 IST" name="Default test" finished-at="2025-03-27T13:12:07 IST" duration-ms="26456">
      <class name="com.test.RegisterPageTest">
        <test-method is-config="true" signature="setUp()[pri:0, instance:com.test.RegisterPageTest@3d285d7e]" started-at="2025-03-27T13:11:40 IST" name="setUp" finished-at="2025-03-27T13:11:47 IST" duration-ms="6664" status="PASS">
          <reporter-output>
          </reporter-output>
        </test-method> <!-- setUp -->
        <test-method signature="verifyRegisterPageNavigation()[pri:0, instance:com.test.RegisterPageTest@3d285d7e]" started-at="2025-03-27T13:11:47 IST" name="verifyRegisterPageNavigation" finished-at="2025-03-27T13:11:49 IST" duration-ms="1712" status="PASS">
          <reporter-output>
          </reporter-output>
        </test-method> <!-- verifyRegisterPageNavigation -->
        <test-method is-config="true" signature="burnDown()[pri:0, instance:com.test.RegisterPageTest@3d285d7e]" started-at="2025-03-27T13:11:49 IST" name="burnDown" finished-at="2025-03-27T13:11:49 IST" duration-ms="304" status="PASS">
          <reporter-output>
          </reporter-output>
        </test-method> <!-- burnDown -->
        <test-method is-config="true" signature="setUp()[pri:0, instance:com.test.RegisterPageTest@3d285d7e]" started-at="2025-03-27T13:11:50 IST" name="setUp" finished-at="2025-03-27T13:12:01 IST" duration-ms="10330" status="PASS">
          <reporter-output>
          </reporter-output>
        </test-method> <!-- setUp -->
        <test-method is-config="true" signature="setUp()[pri:0, instance:com.test.RegisterPageTest@3d285d7e]" started-at="2025-03-27T13:11:50 IST" name="setUp" finished-at="2025-03-27T13:12:01 IST" duration-ms="10276" status="PASS">
          <reporter-output>
          </reporter-output>
        </test-method> <!-- setUp -->
        <test-method is-config="true" signature="setUp()[pri:0, instance:com.test.RegisterPageTest@3d285d7e]" started-at="2025-03-27T13:11:50 IST" name="setUp" finished-at="2025-03-27T13:12:01 IST" duration-ms="10644" status="PASS">
          <reporter-output>
          </reporter-output>
        </test-method> <!-- setUp -->
        <test-method is-config="true" signature="setUp()[pri:0, instance:com.test.RegisterPageTest@3d285d7e]" started-at="2025-03-27T13:11:50 IST" name="setUp" finished-at="2025-03-27T13:12:01 IST" duration-ms="11012" status="PASS">
          <reporter-output>
          </reporter-output>
        </test-method> <!-- setUp -->
        <test-method signature="verifyRegisterPageNavigation1(java.lang.String,java.lang.String,java.lang.String,java.lang.String,java.lang.String,java.lang.String,java.lang.String)[pri:0, instance:com.test.RegisterPageTest@3d285d7e]" started-at="2025-03-27T13:12:01 IST" name="verifyRegisterPageNavigation1" data-provider="excelData" finished-at="2025-03-27T13:12:06 IST" duration-ms="5165" status="FAIL">
          <params>
            <param index="0">
              <value>
                <![CDATA[female]]>
              </value>
            </param>
            <param index="1">
              <value>
                <![CDATA[jomm]]>
              </value>
            </param>
            <param index="2">
              <value>
                <![CDATA[N]]>
              </value>
            </param>
            <param index="3">
              <value>
                <![CDATA[jooommmmmmm@gmail.com]]>
              </value>
            </param>
            <param index="4">
              <value>
                <![CDATA[abcdef]]>
              </value>
            </param>
            <param index="5">
              <value>
                <![CDATA[abcdef]]>
              </value>
            </param>
            <param index="6">
              <value>
                <![CDATA[pass]]>
              </value>
            </param>
          </params>
          <exception class="java.lang.AssertionError">
            <message>
              <![CDATA[expected [Your registration completed] but found [The specified email already exists
Your Personal Details
Gender: Male Female
First name: *
Last name: *
Email: *
Your Password
Password: *
Confirm password: *]]]>
            </message>
            <full-stacktrace>
              <![CDATA[java.lang.AssertionError: expected [Your registration completed] but found [The specified email already exists
Your Personal Details
Gender: Male Female
First name: *
Last name: *
Email: *
Your Password
Password: *
Confirm password: *]
at org.testng.Assert.fail(Assert.java:111)
at org.testng.Assert.failNotEquals(Assert.java:1590)
at org.testng.Assert.assertEqualsImpl(Assert.java:150)
at org.testng.Assert.assertEquals(Assert.java:132)
at org.testng.Assert.assertEquals(Assert.java:656)
at org.testng.Assert.assertEquals(Assert.java:666)
at com.test.RegisterPageTest.verifyRegisterPageNavigation1(RegisterPageTest.java:41)
at java.base/jdk.internal.reflect.DirectMethodHandleAccessor.invoke(DirectMethodHandleAccessor.java:103)
at java.base/java.lang.reflect.Method.invoke(Method.java:580)
at org.testng.internal.invokers.MethodInvocationHelper.invokeMethod(MethodInvocationHelper.java:141)
at org.testng.internal.invokers.TestInvoker.invokeMethod(TestInvoker.java:687)
at org.testng.internal.invokers.TestInvoker.invokeTestMethod(TestInvoker.java:230)
at org.testng.internal.invokers.TestMethodWithDataProviderMethodWorker.call(TestMethodWithDataProviderMethodWorker.java:81)
at org.testng.internal.thread.Async$AsyncTask.run(Async.java:34)
at java.base/java.util.concurrent.ThreadPoolExecutor.runWorker(ThreadPoolExecutor.java:1144)
at java.base/java.util.concurrent.ThreadPoolExecutor$Worker.run(ThreadPoolExecutor.java:642)
at java.base/java.lang.Thread.run(Thread.java:1575)
]]>
            </full-stacktrace>
          </exception> <!-- java.lang.AssertionError -->
          <reporter-output>
          </reporter-output>
        </test-method> <!-- verifyRegisterPageNavigation1 -->
        <test-method signature="verifyRegisterPageNavigation1(java.lang.String,java.lang.String,java.lang.String,java.lang.String,java.lang.String,java.lang.String,java.lang.String)[pri:0, instance:com.test.RegisterPageTest@3d285d7e]" started-at="2025-03-27T13:12:01 IST" name="verifyRegisterPageNavigation1" data-provider="excelData" finished-at="2025-03-27T13:12:05 IST" duration-ms="4160" status="PASS">
          <params>
            <param index="0">
              <value>
                <![CDATA[male]]>
              </value>
            </param>
            <param index="1">
              <value>
                <![CDATA[ram]]>
              </value>
            </param>
            <param index="2">
              <value>
                <![CDATA[]]>
              </value>
            </param>
            <param index="3">
              <value>
                <![CDATA[rammm@gmail.com]]>
              </value>
            </param>
            <param index="4">
              <value>
                <![CDATA[abcdef]]>
              </value>
            </param>
            <param index="5">
              <value>
                <![CDATA[abcdef]]>
              </value>
            </param>
            <param index="6">
              <value>
                <![CDATA[required]]>
              </value>
            </param>
          </params>
          <reporter-output>
          </reporter-output>
        </test-method> <!-- verifyRegisterPageNavigation1 -->
        <test-method signature="verifyRegisterPageNavigation1(java.lang.String,java.lang.String,java.lang.String,java.lang.String,java.lang.String,java.lang.String,java.lang.String)[pri:0, instance:com.test.RegisterPageTest@3d285d7e]" started-at="2025-03-27T13:12:01 IST" name="verifyRegisterPageNavigation1" data-provider="excelData" finished-at="2025-03-27T13:12:06 IST" duration-ms="5055" status="PASS">
          <params>
            <param index="0">
              <value>
                <![CDATA[female]]>
              </value>
            </param>
            <param index="1">
              <value>
                <![CDATA[jeev]]>
              </value>
            </param>
            <param index="2">
              <value>
                <![CDATA[balaj]]>
              </value>
            </param>
            <param index="3">
              <value>
                <![CDATA[jeevbalaj@gmail.com]]>
              </value>
            </param>
            <param index="4">
              <value>
                <![CDATA[abcdef]]>
              </value>
            </param>
            <param index="5">
              <value>
                <![CDATA[abcdef]]>
              </value>
            </param>
            <param index="6">
              <value>
                <![CDATA[duplicate]]>
              </value>
            </param>
          </params>
          <reporter-output>
          </reporter-output>
        </test-method> <!-- verifyRegisterPageNavigation1 -->
        <test-method signature="verifyRegisterPageNavigation1(java.lang.String,java.lang.String,java.lang.String,java.lang.String,java.lang.String,java.lang.String,java.lang.String)[pri:0, instance:com.test.RegisterPageTest@3d285d7e]" started-at="2025-03-27T13:12:01 IST" name="verifyRegisterPageNavigation1" data-provider="excelData" finished-at="2025-03-27T13:12:06 IST" duration-ms="4780" status="FAIL">
          <params>
            <param index="0">
              <value>
                <![CDATA[female]]>
              </value>
            </param>
            <param index="1">
              <value>
                <![CDATA[homi]]>
              </value>
            </param>
            <param index="2">
              <value>
                <![CDATA[M]]>
              </value>
            </param>
            <param index="3">
              <value>
                <![CDATA[hooommiiii@gmail.com]]>
              </value>
            </param>
            <param index="4">
              <value>
                <![CDATA[abcdef]]>
              </value>
            </param>
            <param index="5">
              <value>
                <![CDATA[abcdef]]>
              </value>
            </param>
            <param index="6">
              <value>
                <![CDATA[pass]]>
              </value>
            </param>
          </params>
          <exception class="java.lang.AssertionError">
            <message>
              <![CDATA[expected [Your registration completed] but found [The specified email already exists
Your Personal Details
Gender: Male Female
First name: *
Last name: *
Email: *
Your Password
Password: *
Confirm password: *]]]>
            </message>
            <full-stacktrace>
              <![CDATA[java.lang.AssertionError: expected [Your registration completed] but found [The specified email already exists
Your Personal Details
Gender: Male Female
First name: *
Last name: *
Email: *
Your Password
Password: *
Confirm password: *]
at org.testng.Assert.fail(Assert.java:111)
at org.testng.Assert.failNotEquals(Assert.java:1590)
at org.testng.Assert.assertEqualsImpl(Assert.java:150)
at org.testng.Assert.assertEquals(Assert.java:132)
at org.testng.Assert.assertEquals(Assert.java:656)
at org.testng.Assert.assertEquals(Assert.java:666)
at com.test.RegisterPageTest.verifyRegisterPageNavigation1(RegisterPageTest.java:41)
at java.base/jdk.internal.reflect.DirectMethodHandleAccessor.invoke(DirectMethodHandleAccessor.java:103)
at java.base/java.lang.reflect.Method.invoke(Method.java:580)
at org.testng.internal.invokers.MethodInvocationHelper.invokeMethod(MethodInvocationHelper.java:141)
at org.testng.internal.invokers.TestInvoker.invokeMethod(TestInvoker.java:687)
at org.testng.internal.invokers.TestInvoker.invokeTestMethod(TestInvoker.java:230)
at org.testng.internal.invokers.TestMethodWithDataProviderMethodWorker.call(TestMethodWithDataProviderMethodWorker.java:81)
at org.testng.internal.thread.Async$AsyncTask.run(Async.java:34)
at java.base/java.util.concurrent.ThreadPoolExecutor.runWorker(ThreadPoolExecutor.java:1144)
at java.base/java.util.concurrent.ThreadPoolExecutor$Worker.run(ThreadPoolExecutor.java:642)
at java.base/java.lang.Thread.run(Thread.java:1575)
]]>
            </full-stacktrace>
          </exception> <!-- java.lang.AssertionError -->
          <reporter-output>
          </reporter-output>
        </test-method> <!-- verifyRegisterPageNavigation1 -->
        <test-method is-config="true" signature="burnDown()[pri:0, instance:com.test.RegisterPageTest@3d285d7e]" started-at="2025-03-27T13:12:05 IST" name="burnDown" finished-at="2025-03-27T13:12:05 IST" duration-ms="331" status="PASS">
          <reporter-output>
          </reporter-output>
        </test-method> <!-- burnDown -->
        <test-method is-config="true" signature="burnDown()[pri:0, instance:com.test.RegisterPageTest@3d285d7e]" started-at="2025-03-27T13:12:06 IST" name="burnDown" finished-at="2025-03-27T13:12:06 IST" duration-ms="363" status="PASS">
          <reporter-output>
          </reporter-output>
        </test-method> <!-- burnDown -->
        <test-method is-config="true" signature="burnDown()[pri:0, instance:com.test.RegisterPageTest@3d285d7e]" started-at="2025-03-27T13:12:06 IST" name="burnDown" finished-at="2025-03-27T13:12:07 IST" duration-ms="484" status="PASS">
          <reporter-output>
          </reporter-output>
        </test-method> <!-- burnDown -->
        <test-method is-config="true" signature="burnDown()[pri:0, instance:com.test.RegisterPageTest@3d285d7e]" started-at="2025-03-27T13:12:06 IST" name="burnDown" finished-at="2025-03-27T13:12:07 IST" duration-ms="541" status="PASS">
          <reporter-output>
          </reporter-output>
        </test-method> <!-- burnDown -->
      </class> <!-- com.test.RegisterPageTest -->
    </test> <!-- Default test -->
  </suite> <!-- Default suite -->
</testng-results>
